<?xml version="1.0" encoding="UTF-8"?>
<!-- Generated by org.testng.reporters.JUnitReportReporter -->
<testsuite hostname="BDC3-LX-1309QM2" failures="0" tests="5" name="com.anm.Tests.FirstTest" time="24.686" errors="0" timestamp="2022-12-12T18:19:45 IST" skipped="0">
  <testcase classname="com.anm.Tests.FirstTest" name="Login" time="2.610"/>
  <system-out/>
  <testcase classname="com.anm.Tests.FirstTest" name="OrderProduct" time="9.073"/>
  <system-out/>
  <testcase classname="com.anm.Tests.FirstTest" name="DoCheckout" time="2.080"/>
  <system-out/>
  <testcase classname="com.anm.Tests.FirstTest" name="DoPayment" time="8.906"/>
  <system-out/>
  <testcase classname="com.anm.Tests.FirstTest" name="PostCondition" time="2.017"/>
  <system-out/>
</testsuite> <!-- com.anm.Tests.FirstTest -->
