<?xml version="1.0" encoding="UTF-8"?>
<!-- Generated by org.testng.reporters.JUnitReportReporter -->
<testsuite hostname="BDC3-LX-1309QM2" failures="0" tests="1" name="com.anm.Tests.FirstTest" time="45.299" errors="0" timestamp="2022-12-07T18:52:49 IST" skipped="0">
  <testcase classname="com.anm.Tests.FirstTest" name="TestTricentis" time="45.299"/>
  <system-out/>
</testsuite> <!-- com.anm.Tests.FirstTest -->
