<?xml version="1.0" encoding="UTF-8"?>
<!-- Generated by org.testng.reporters.JUnitReportReporter -->
<testsuite hostname="BDC3-LX-1309QM2" failures="0" tests="1" name="TestClass" time="0.014" errors="0" timestamp="2022-11-29T10:52:02 IST" skipped="0">
  <testcase classname="TestClass" name="fooo" time="0.014"/>
  <system-out/>
</testsuite> <!-- TestClass -->
