<?xml version="1.0" encoding="UTF-8"?>
<!-- Generated by org.testng.reporters.JUnitReportReporter -->
<testsuite hostname="BDC3-LX-1309QM2" failures="0" tests="1" name="com.anm.Tests.FirstTest" time="29.555" errors="0" timestamp="2022-12-02T17:41:31 IST" skipped="0">
  <testcase classname="com.anm.Tests.FirstTest" name="TestTricentis" time="29.555"/>
  <system-out/>
</testsuite> <!-- com.anm.Tests.FirstTest -->
